<?xml version="1.0" encoding="UTF-8" standalone="no"?>
<testsuite errors="0" failures="0" name="io.cucumber.core.plugin.JUnitFormatter" skipped="0" tests="2" time="54.274">
<testcase classname="Accounts feature" name="verify the logout button" time="33.326">
<system-out><![CDATA[Given the user is logged into the application "http://automationpractice.com/index.php".passed
Given user is in accounts page..............................................passed
]]></system-out>
</testcase>
<testcase classname="Login Page" name="Forgot passoword link" time="20.484">
<system-out><![CDATA[Given user is in login page "http://automationpractice.com/index.php".......passed
And has clicked on signin button............................................passed
Then forgot password link should be displayed...............................passed
]]></system-out>
</testcase>
</testsuite>
