<?xml version="1.0" encoding="UTF-8"?>
<testng-results skipped="0" failed="0" ignored="0" total="5" passed="5">
  <reporter-output>
  </reporter-output>
  <suite name="Surefire suite" duration-ms="99808" started-at="2021-01-08T12:21:28Z" finished-at="2021-01-08T12:23:08Z">
    <groups>
      <group name="cucumber">
        <method signature="AbstractTestNGCucumberTests.runScenario(io.cucumber.testng.PickleWrapper, io.cucumber.testng.FeatureWrapper)[pri:0, instance:parallel.ParallelRun@5419f379]" name="runScenario" class="io.cucumber.testng.AbstractTestNGCucumberTests"/>
      </group> <!-- cucumber -->
    </groups>
    <test name="Surefire test" duration-ms="99808" started-at="2021-01-08T12:21:28Z" finished-at="2021-01-08T12:23:08Z">
      <class name="parallel.ParallelRun">
        <test-method status="PASS" signature="setUpClass()[pri:0, instance:parallel.ParallelRun@5419f379]" name="setUpClass" is-config="true" duration-ms="1743" started-at="2021-01-08T12:21:28Z" finished-at="2021-01-08T12:21:30Z">
          <reporter-output>
          </reporter-output>
        </test-method> <!-- setUpClass -->
        <test-method status="PASS" signature="runScenario(io.cucumber.testng.PickleWrapper, io.cucumber.testng.FeatureWrapper)[pri:0, instance:parallel.ParallelRun@5419f379]" name="runScenario" duration-ms="94420" started-at="2021-01-08T12:21:30Z" description="Runs Cucumber Scenarios" data-provider="scenarios" finished-at="2021-01-08T12:23:05Z">
          <params>
            <param index="0">
              <value>
                <![CDATA["verify the tabs in Account page"]]>
              </value>
            </param>
            <param index="1">
              <value>
                <![CDATA["Optional[Accounts feature]"]]>
              </value>
            </param>
          </params>
          <reporter-output>
          </reporter-output>
        </test-method> <!-- runScenario -->
        <test-method status="PASS" signature="runScenario(io.cucumber.testng.PickleWrapper, io.cucumber.testng.FeatureWrapper)[pri:0, instance:parallel.ParallelRun@5419f379]" name="runScenario" duration-ms="92341" started-at="2021-01-08T12:21:30Z" description="Runs Cucumber Scenarios" data-provider="scenarios" finished-at="2021-01-08T12:23:03Z">
          <params>
            <param index="0">
              <value>
                <![CDATA["Login page title"]]>
              </value>
            </param>
            <param index="1">
              <value>
                <![CDATA["Optional[Login Page]"]]>
              </value>
            </param>
          </params>
          <reporter-output>
          </reporter-output>
        </test-method> <!-- runScenario -->
        <test-method status="PASS" signature="runScenario(io.cucumber.testng.PickleWrapper, io.cucumber.testng.FeatureWrapper)[pri:0, instance:parallel.ParallelRun@5419f379]" name="runScenario" duration-ms="91643" started-at="2021-01-08T12:21:30Z" description="Runs Cucumber Scenarios" data-provider="scenarios" finished-at="2021-01-08T12:23:02Z">
          <params>
            <param index="0">
              <value>
                <![CDATA["verify the logout button"]]>
              </value>
            </param>
            <param index="1">
              <value>
                <![CDATA["Optional[Accounts feature]"]]>
              </value>
            </param>
          </params>
          <reporter-output>
          </reporter-output>
        </test-method> <!-- runScenario -->
        <test-method status="PASS" signature="runScenario(io.cucumber.testng.PickleWrapper, io.cucumber.testng.FeatureWrapper)[pri:0, instance:parallel.ParallelRun@5419f379]" name="runScenario" duration-ms="92689" started-at="2021-01-08T12:21:30Z" description="Runs Cucumber Scenarios" data-provider="scenarios" finished-at="2021-01-08T12:23:03Z">
          <params>
            <param index="0">
              <value>
                <![CDATA["Login with correct credentials"]]>
              </value>
            </param>
            <param index="1">
              <value>
                <![CDATA["Optional[Login Page]"]]>
              </value>
            </param>
          </params>
          <reporter-output>
          </reporter-output>
        </test-method> <!-- runScenario -->
        <test-method status="PASS" signature="runScenario(io.cucumber.testng.PickleWrapper, io.cucumber.testng.FeatureWrapper)[pri:0, instance:parallel.ParallelRun@5419f379]" name="runScenario" duration-ms="93159" started-at="2021-01-08T12:21:30Z" description="Runs Cucumber Scenarios" data-provider="scenarios" finished-at="2021-01-08T12:23:03Z">
          <params>
            <param index="0">
              <value>
                <![CDATA["Forgot passoword link"]]>
              </value>
            </param>
            <param index="1">
              <value>
                <![CDATA["Optional[Login Page]"]]>
              </value>
            </param>
          </params>
          <reporter-output>
          </reporter-output>
        </test-method> <!-- runScenario -->
        <test-method status="PASS" signature="tearDownClass()[pri:0, instance:parallel.ParallelRun@5419f379]" name="tearDownClass" is-config="true" duration-ms="3574" started-at="2021-01-08T12:23:05Z" finished-at="2021-01-08T12:23:08Z">
          <reporter-output>
          </reporter-output>
        </test-method> <!-- tearDownClass -->
      </class> <!-- parallel.ParallelRun -->
    </test> <!-- Surefire test -->
  </suite> <!-- Surefire suite -->
</testng-results>
