<?xml version="1.0" encoding="UTF-8"?>
<testng-results skipped="0" failed="0" ignored="0" total="5" passed="5">
  <reporter-output>
  </reporter-output>
  <suite name="Default suite" duration-ms="57795" started-at="2021-01-08T12:09:20Z" finished-at="2021-01-08T12:10:18Z">
    <groups>
      <group name="cucumber">
        <method signature="AbstractTestNGCucumberTests.runScenario(io.cucumber.testng.PickleWrapper, io.cucumber.testng.FeatureWrapper)[pri:0, instance:parallel.ParallelRun@52a86356]" name="runScenario" class="io.cucumber.testng.AbstractTestNGCucumberTests"/>
      </group> <!-- cucumber -->
    </groups>
    <test name="Default test" duration-ms="57795" started-at="2021-01-08T12:09:20Z" finished-at="2021-01-08T12:10:18Z">
      <class name="parallel.ParallelRun">
        <test-method status="PASS" signature="setUpClass()[pri:0, instance:parallel.ParallelRun@52a86356]" name="setUpClass" is-config="true" duration-ms="1788" started-at="2021-01-08T12:09:20Z" finished-at="2021-01-08T12:09:22Z">
          <reporter-output>
          </reporter-output>
        </test-method> <!-- setUpClass -->
        <test-method status="PASS" signature="runScenario(io.cucumber.testng.PickleWrapper, io.cucumber.testng.FeatureWrapper)[pri:0, instance:parallel.ParallelRun@52a86356]" name="runScenario" duration-ms="53358" started-at="2021-01-08T12:09:22Z" description="Runs Cucumber Scenarios" data-provider="scenarios" finished-at="2021-01-08T12:10:16Z">
          <params>
            <param index="0">
              <value>
                <![CDATA["verify the logout button"]]>
              </value>
            </param>
            <param index="1">
              <value>
                <![CDATA["Optional[Accounts feature]"]]>
              </value>
            </param>
          </params>
          <reporter-output>
          </reporter-output>
        </test-method> <!-- runScenario -->
        <test-method status="PASS" signature="runScenario(io.cucumber.testng.PickleWrapper, io.cucumber.testng.FeatureWrapper)[pri:0, instance:parallel.ParallelRun@52a86356]" name="runScenario" duration-ms="47372" started-at="2021-01-08T12:09:22Z" description="Runs Cucumber Scenarios" data-provider="scenarios" finished-at="2021-01-08T12:10:10Z">
          <params>
            <param index="0">
              <value>
                <![CDATA["Login page title"]]>
              </value>
            </param>
            <param index="1">
              <value>
                <![CDATA["Optional[Login Page]"]]>
              </value>
            </param>
          </params>
          <reporter-output>
          </reporter-output>
        </test-method> <!-- runScenario -->
        <test-method status="PASS" signature="runScenario(io.cucumber.testng.PickleWrapper, io.cucumber.testng.FeatureWrapper)[pri:0, instance:parallel.ParallelRun@52a86356]" name="runScenario" duration-ms="53529" started-at="2021-01-08T12:09:22Z" description="Runs Cucumber Scenarios" data-provider="scenarios" finished-at="2021-01-08T12:10:16Z">
          <params>
            <param index="0">
              <value>
                <![CDATA["verify the tabs in Account page"]]>
              </value>
            </param>
            <param index="1">
              <value>
                <![CDATA["Optional[Accounts feature]"]]>
              </value>
            </param>
          </params>
          <reporter-output>
          </reporter-output>
        </test-method> <!-- runScenario -->
        <test-method status="PASS" signature="runScenario(io.cucumber.testng.PickleWrapper, io.cucumber.testng.FeatureWrapper)[pri:0, instance:parallel.ParallelRun@52a86356]" name="runScenario" duration-ms="53313" started-at="2021-01-08T12:09:22Z" description="Runs Cucumber Scenarios" data-provider="scenarios" finished-at="2021-01-08T12:10:16Z">
          <params>
            <param index="0">
              <value>
                <![CDATA["Login with correct credentials"]]>
              </value>
            </param>
            <param index="1">
              <value>
                <![CDATA["Optional[Login Page]"]]>
              </value>
            </param>
          </params>
          <reporter-output>
          </reporter-output>
        </test-method> <!-- runScenario -->
        <test-method status="PASS" signature="runScenario(io.cucumber.testng.PickleWrapper, io.cucumber.testng.FeatureWrapper)[pri:0, instance:parallel.ParallelRun@52a86356]" name="runScenario" duration-ms="46984" started-at="2021-01-08T12:09:22Z" description="Runs Cucumber Scenarios" data-provider="scenarios" finished-at="2021-01-08T12:10:09Z">
          <params>
            <param index="0">
              <value>
                <![CDATA["Forgot passoword link"]]>
              </value>
            </param>
            <param index="1">
              <value>
                <![CDATA["Optional[Login Page]"]]>
              </value>
            </param>
          </params>
          <reporter-output>
          </reporter-output>
        </test-method> <!-- runScenario -->
        <test-method status="PASS" signature="tearDownClass()[pri:0, instance:parallel.ParallelRun@52a86356]" name="tearDownClass" is-config="true" duration-ms="2402" started-at="2021-01-08T12:10:16Z" finished-at="2021-01-08T12:10:18Z">
          <reporter-output>
          </reporter-output>
        </test-method> <!-- tearDownClass -->
      </class> <!-- parallel.ParallelRun -->
    </test> <!-- Default test -->
  </suite> <!-- Default suite -->
</testng-results>
